c:\users\harry\source\repos\gameboyemu\gameboyemu\x64\debug\vc142.pdb
c:\users\harry\source\repos\gameboyemu\gameboyemu\x64\debug\vc142.idb
c:\users\harry\source\repos\gameboyemu\gameboyemu\x64\debug\memory.obj
c:\users\harry\source\repos\gameboyemu\gameboyemu\x64\debug\main.obj
c:\users\harry\source\repos\gameboyemu\gameboyemu\x64\debug\flags.obj
c:\users\harry\source\repos\gameboyemu\gameboyemu\x64\debug\register.obj
c:\users\harry\source\repos\gameboyemu\gameboyemu\x64\debug\processor.obj
c:\users\harry\source\repos\gameboyemu\x64\debug\gameboyemu.pdb
c:\users\harry\source\repos\gameboyemu\gameboyemu\x64\debug\gameboyemu.tlog\cl.command.1.tlog
c:\users\harry\source\repos\gameboyemu\gameboyemu\x64\debug\gameboyemu.tlog\cl.read.1.tlog
c:\users\harry\source\repos\gameboyemu\gameboyemu\x64\debug\gameboyemu.tlog\cl.write.1.tlog
c:\users\harry\source\repos\gameboyemu\gameboyemu\x64\debug\gameboyemu.tlog\link-cvtres.read.1.tlog
c:\users\harry\source\repos\gameboyemu\gameboyemu\x64\debug\gameboyemu.tlog\link-cvtres.write.1.tlog
c:\users\harry\source\repos\gameboyemu\gameboyemu\x64\debug\gameboyemu.tlog\link-rc.read.1.tlog
c:\users\harry\source\repos\gameboyemu\gameboyemu\x64\debug\gameboyemu.tlog\link-rc.write.1.tlog
c:\users\harry\source\repos\gameboyemu\gameboyemu\x64\debug\gameboyemu.tlog\link.10192-cvtres.read.1.tlog
c:\users\harry\source\repos\gameboyemu\gameboyemu\x64\debug\gameboyemu.tlog\link.10192-cvtres.write.1.tlog
c:\users\harry\source\repos\gameboyemu\gameboyemu\x64\debug\gameboyemu.tlog\link.10192-rc.read.1.tlog
c:\users\harry\source\repos\gameboyemu\gameboyemu\x64\debug\gameboyemu.tlog\link.10192-rc.write.1.tlog
c:\users\harry\source\repos\gameboyemu\gameboyemu\x64\debug\gameboyemu.tlog\link.10192.read.1.tlog
c:\users\harry\source\repos\gameboyemu\gameboyemu\x64\debug\gameboyemu.tlog\link.10192.write.1.tlog
c:\users\harry\source\repos\gameboyemu\gameboyemu\x64\debug\gameboyemu.tlog\link.command.1.tlog
c:\users\harry\source\repos\gameboyemu\gameboyemu\x64\debug\gameboyemu.tlog\link.read.1.tlog
c:\users\harry\source\repos\gameboyemu\gameboyemu\x64\debug\gameboyemu.tlog\link.write.1.tlog
